2017/02/14 09:51:45 INFO  - jmeter.util.JMeterUtils: Setting Locale to en_US 
2017/02/14 09:51:45 INFO  - jmeter.JMeter: Loading user properties from: /home/margot/Documents/uni/calidad-y-pruebas-de-software/segundo-parcial/apache-jmeter-3.1/bin/user.properties 
2017/02/14 09:51:45 INFO  - jmeter.JMeter: Loading system properties from: /home/margot/Documents/uni/calidad-y-pruebas-de-software/segundo-parcial/apache-jmeter-3.1/bin/system.properties 
2017/02/14 09:51:45 INFO  - jmeter.JMeter: Copyright (c) 1998-2016 The Apache Software Foundation 
2017/02/14 09:51:45 INFO  - jmeter.JMeter: Version 3.1 r1770033 
2017/02/14 09:51:45 INFO  - jmeter.JMeter: java.version=1.8.0_111 
2017/02/14 09:51:45 INFO  - jmeter.JMeter: java.vm.name=OpenJDK 64-Bit Server VM 
2017/02/14 09:51:45 INFO  - jmeter.JMeter: os.name=Linux 
2017/02/14 09:51:45 INFO  - jmeter.JMeter: os.arch=amd64 
2017/02/14 09:51:45 INFO  - jmeter.JMeter: os.version=4.4.0-38-generic 
2017/02/14 09:51:45 INFO  - jmeter.JMeter: file.encoding=UTF-8 
2017/02/14 09:51:45 INFO  - jmeter.JMeter: Max memory     =514850816 
2017/02/14 09:51:45 INFO  - jmeter.JMeter: Available Processors =8 
2017/02/14 09:51:45 INFO  - jmeter.JMeter: Default Locale=English (United States) 
2017/02/14 09:51:45 INFO  - jmeter.JMeter: JMeter  Locale=English (United States) 
2017/02/14 09:51:45 INFO  - jmeter.JMeter: JMeterHome=/home/margot/Documents/uni/calidad-y-pruebas-de-software/segundo-parcial/apache-jmeter-3.1 
2017/02/14 09:51:45 INFO  - jmeter.JMeter: user.dir  =/home/margot/Documents/uni/calidad-y-pruebas-de-software/segundo-parcial/apache-jmeter-3.1/bin 
2017/02/14 09:51:45 INFO  - jmeter.JMeter: PWD       =/home/margot/Documents/uni/calidad-y-pruebas-de-software/segundo-parcial/apache-jmeter-3.1/bin 
2017/02/14 09:51:45 INFO  - jmeter.JMeter: IP: 127.0.1.1 Name: Mars FullName: Mars 
2017/02/14 09:51:45 INFO  - jmeter.gui.action.LookAndFeelCommand: Using look and feel: javax.swing.plaf.metal.MetalLookAndFeel [Metal, CrossPlatform, System] 
2017/02/14 09:51:45 INFO  - jmeter.JMeter: Loaded icon properties from org/apache/jmeter/images/icon.properties 
2017/02/14 09:51:46 INFO  - jmeter.engine.util.CompoundVariable: Note: Function class names must contain the string: '.functions.' 
2017/02/14 09:51:46 INFO  - jmeter.engine.util.CompoundVariable: Note: Function class names must not contain the string: '.gui.' 
2017/02/14 09:51:46 INFO  - jmeter.gui.util.MenuFactory: Skipping org.apache.jmeter.assertions.BSFAssertion 
2017/02/14 09:51:47 INFO  - jmeter.gui.util.MenuFactory: Skipping org.apache.jmeter.extractor.BSFPostProcessor 
2017/02/14 09:51:47 INFO  - jmeter.gui.util.MenuFactory: Skipping org.apache.jmeter.modifiers.BSFPreProcessor 
2017/02/14 09:51:47 INFO  - jmeter.protocol.http.sampler.HTTPSamplerBase: Parser for text/html is org.apache.jmeter.protocol.http.parser.LagartoBasedHtmlParser 
2017/02/14 09:51:47 INFO  - jmeter.protocol.http.sampler.HTTPSamplerBase: Parser for application/xhtml+xml is org.apache.jmeter.protocol.http.parser.LagartoBasedHtmlParser 
2017/02/14 09:51:47 INFO  - jmeter.protocol.http.sampler.HTTPSamplerBase: Parser for application/xml is org.apache.jmeter.protocol.http.parser.LagartoBasedHtmlParser 
2017/02/14 09:51:47 INFO  - jmeter.protocol.http.sampler.HTTPSamplerBase: Parser for text/xml is org.apache.jmeter.protocol.http.parser.LagartoBasedHtmlParser 
2017/02/14 09:51:47 INFO  - jmeter.protocol.http.sampler.HTTPSamplerBase: Parser for text/vnd.wap.wml is org.apache.jmeter.protocol.http.parser.RegexpHTMLParser 
2017/02/14 09:51:47 INFO  - jmeter.protocol.http.sampler.HTTPSamplerBase: Parser for text/css is org.apache.jmeter.protocol.http.parser.CssParser 
2017/02/14 09:51:47 INFO  - jorphan.exec.KeyToolUtils: keytool found at 'keytool' 
2017/02/14 09:51:47 INFO  - jmeter.protocol.http.proxy.ProxyControl: HTTP(S) Test Script Recorder SSL Proxy will use keys that support embedded 3rd party resources in file /home/margot/Documents/uni/calidad-y-pruebas-de-software/segundo-parcial/apache-jmeter-3.1/bin/proxyserver.jks 
2017/02/14 09:51:47 INFO  - jmeter.gui.util.MenuFactory: Skipping org.apache.jmeter.protocol.java.sampler.BSFSampler 
2017/02/14 09:51:47 INFO  - jmeter.gui.util.MenuFactory: Skipping org.apache.jmeter.protocol.mongodb.config.MongoSourceElement 
2017/02/14 09:51:47 INFO  - jmeter.gui.util.MenuFactory: Skipping org.apache.jmeter.protocol.mongodb.sampler.MongoScriptSampler 
2017/02/14 09:51:47 INFO  - jmeter.gui.util.MenuFactory: Skipping org.apache.jmeter.timers.BSFTimer 
2017/02/14 09:51:47 INFO  - jmeter.gui.util.MenuFactory: Skipping org.apache.jmeter.visualizers.BSFListener 
2017/02/14 09:51:47 INFO  - jmeter.gui.util.MenuFactory: Skipping org.apache.jmeter.visualizers.MonitorHealthVisualizer 
2017/02/14 09:51:47 INFO  - jmeter.samplers.SampleResult: Note: Sample TimeStamps are START times 
2017/02/14 09:51:47 INFO  - jmeter.samplers.SampleResult: sampleresult.default.encoding is set to ISO-8859-1 
2017/02/14 09:51:47 INFO  - jmeter.samplers.SampleResult: sampleresult.useNanoTime=true 
2017/02/14 09:51:47 INFO  - jmeter.samplers.SampleResult: sampleresult.nanoThreadSleep=5000 
